2025-11-21 14:27:58,393 - INFO - setup_logging:52 - Logging initialisiert. Log-Datei: tcg_database/logs\update_karten_20251121_142758.log
2025-11-21 14:27:58,394 - INFO - main:424 - === SCRYFALL KARTENDATEN UPDATE GESTARTET ===
2025-11-21 14:27:58,395 - INFO - main:425 - Datenbank-Pfad: tcg_database/database/karten.db
2025-11-21 14:27:58,395 - INFO - main:426 - Bulk-Data-Verzeichnis: data\scryfall_images\Unique Artwork\bulk
2025-11-21 14:27:58,395 - INFO - main:427 - Bilder-Ausgabe: data\scryfall_images\Unique Artwork
2025-11-21 14:27:58,395 - INFO - main:428 - Sprachen: en,de
2025-11-21 14:27:58,395 - INFO - main:429 - Bulk-Typen: all_cards
2025-11-21 14:27:58,395 - INFO - main:430 - Force Download: False
2025-11-21 14:27:58,395 - INFO - main:431 - Skip Download: False
2025-11-21 14:27:58,395 - INFO - main:432 - Analyze JSON: False
2025-11-21 14:27:58,395 - INFO - main:438 - --- Schritt 1: Bulk-Katalog abrufen ---
2025-11-21 14:27:58,395 - INFO - get_bulk_catalog:58 - Rufe aktuelle Bulk-Data-Informationen von Scryfall ab...
2025-11-21 14:27:58,751 - INFO - get_bulk_catalog:63 - Scryfall API erfolgreich kontaktiert. Status: 200
2025-11-21 14:27:58,752 - INFO - main:446 - Bulk 'all_cards': https://data.scryfall.io/all-cards/all-cards-20251121103015.json (size: 2440573260 bytes, updated: 2025-11-21T10:30:15.588+00:00)
2025-11-21 14:27:58,752 - INFO - main:451 - --- Schritt 2: Bulk-JSON Download/Prüfung ---
2025-11-21 14:27:58,753 - INFO - download_bulk_json:89 - Prüfe ob neue Version verfügbar ist...
2025-11-21 14:27:58,754 - INFO - download_bulk_json:102 - Server-Dateiname: all-cards-20251121103015.json
2025-11-21 14:27:58,754 - INFO - download_bulk_json:124 - Starte Download von https://data.scryfall.io/all-cards/all-cards-20251121103015.json
2025-11-21 14:27:58,754 - INFO - download_bulk_json:125 - Speichere als: all-cards-20251121103015.json
2025-11-21 14:27:59,049 - INFO - download_bulk_json:132 - Download-Größe: 0.0 MB
2025-11-21 14:29:03,732 - INFO - download_bulk_json:146 - Download abgeschlossen: all-cards-20251121103015.json
2025-11-21 14:29:03,732 - INFO - download_bulk_json:147 - Finale Größe: 2327.5 MB, Dauer: 65.0s, Durchschnittsgeschwindigkeit: 35.8 MB/s
2025-11-21 14:29:03,732 - INFO - main:493 - --- Schritt 3: Bulk-Import in Datenbank ---
2025-11-21 14:29:03,740 - INFO - load_cards_from_file:157 - Lese Karten aus data\scryfall_images\Unique Artwork\bulk\all-cards-20251121103015.json (streamweise verarbeitung für große Dateien)...
2025-11-21 14:29:03,741 - INFO - load_cards_from_file:160 - Dateigröße: 2327.5 MB
2025-11-21 14:29:03,741 - INFO - load_cards_from_file:167 - Verwende normale JSON-Verarbeitung für kleinere Datei
2025-11-21 14:29:25,604 - INFO - load_cards_from_file:174 - 517820 Karten geladen in 21.9 Sekunden.
2025-11-21 14:29:25,605 - INFO - main:513 - ALL Cards: 517820 Karten geladen
2025-11-21 14:29:25,605 - INFO - main:519 - Schreibe ALLE Karten in Datenbank (alle Sprachen, alle Metadaten)...
2025-11-21 14:29:25,606 - INFO - upsert_cards:243 - Starte Datenbankoperationen mit 517820 Karten
2025-11-21 14:29:25,606 - INFO - upsert_cards:244 - Datenbank-Pfad: tcg_database/database/karten.db
2025-11-21 14:29:25,611 - INFO - upsert_cards:256 - Aktuelle Anzahl Karten in Datenbank: 0
2025-11-21 14:29:25,611 - INFO - upsert_cards:258 - Verarbeite 517820 Karten in Batches...
